<?xml version="1.0" encoding="UTF-8"?>
<coverage generated="1722268195523" clover="3.2.0">
  <project timestamp="1722268195523" name="All files">
    <metrics statements="115" coveredstatements="103" conditionals="71" coveredconditionals="52" methods="45" coveredmethods="41" elements="231" coveredelements="196" complexity="0" loc="115" ncloc="115" packages="2" files="2" classes="2"/>
    <package name="date-master">
      <metrics statements="101" coveredstatements="96" conditionals="59" coveredconditionals="48" methods="40" coveredmethods="38"/>
      <file name="unitTestingTask.js" path="/Users/mbiegan/Documents/unitTests/date-master/unitTestingTask.js">
        <metrics statements="101" coveredstatements="96" conditionals="59" coveredconditionals="48" methods="40" coveredmethods="38"/>
        <line num="1" count="5" type="stmt"/>
        <line num="2" count="5" type="cond" truecount="2" falsecount="2"/>
        <line num="3" count="0" type="stmt"/>
        <line num="4" count="0" type="stmt"/>
        <line num="6" count="5" type="cond" truecount="1" falsecount="1"/>
        <line num="7" count="5" type="stmt"/>
        <line num="9" count="0" type="stmt"/>
        <line num="24" count="25" type="stmt"/>
        <line num="25" count="25" type="cond" truecount="2" falsecount="0"/>
        <line num="27" count="25" type="cond" truecount="2" falsecount="0"/>
        <line num="28" count="1" type="stmt"/>
        <line num="32" count="24" type="stmt"/>
        <line num="34" count="24" type="stmt"/>
        <line num="37" count="5" type="cond" truecount="2" falsecount="0"/>
        <line num="39" count="5" type="stmt"/>
        <line num="41" count="6" type="stmt"/>
        <line num="44" count="2" type="stmt"/>
        <line num="47" count="4" type="stmt"/>
        <line num="50" count="1" type="stmt"/>
        <line num="53" count="3" type="stmt"/>
        <line num="56" count="2" type="stmt"/>
        <line num="59" count="3" type="stmt"/>
        <line num="62" count="1" type="stmt"/>
        <line num="65" count="2" type="stmt"/>
        <line num="68" count="3" type="stmt"/>
        <line num="71" count="3" type="stmt"/>
        <line num="74" count="2" type="stmt"/>
        <line num="77" count="1" type="stmt"/>
        <line num="80" count="1" type="cond" truecount="1" falsecount="1"/>
        <line num="83" count="1" type="cond" truecount="1" falsecount="1"/>
        <line num="86" count="2" type="stmt"/>
        <line num="89" count="1" type="stmt"/>
        <line num="92" count="2" type="stmt"/>
        <line num="95" count="1" type="stmt"/>
        <line num="98" count="1" type="stmt"/>
        <line num="101" count="1" type="stmt"/>
        <line num="104" count="2" type="stmt"/>
        <line num="107" count="2" type="stmt"/>
        <line num="110" count="2" type="stmt"/>
        <line num="111" count="2" type="stmt"/>
        <line num="112" count="2" type="stmt"/>
        <line num="113" count="2" type="cond" truecount="1" falsecount="1"/>
        <line num="115" count="2" type="cond" truecount="2" falsecount="0"/>
        <line num="117" count="2" type="stmt"/>
        <line num="120" count="1" type="stmt"/>
        <line num="124" count="5" type="stmt"/>
        <line num="125" count="5" type="stmt"/>
        <line num="126" count="125" type="cond" truecount="1" falsecount="1"/>
        <line num="127" count="125" type="stmt"/>
        <line num="130" count="5" type="stmt"/>
        <line num="171" count="11" type="cond" truecount="4" falsecount="0"/>
        <line num="172" count="2" type="stmt"/>
        <line num="175" count="9" type="cond" truecount="2" falsecount="0"/>
        <line num="181" count="2" type="stmt"/>
        <line num="187" count="7" type="cond" truecount="4" falsecount="0"/>
        <line num="193" count="7" type="stmt"/>
        <line num="195" count="7" type="cond" truecount="2" falsecount="0"/>
        <line num="196" count="1" type="stmt"/>
        <line num="198" count="6" type="stmt"/>
        <line num="199" count="22" type="stmt"/>
        <line num="209" count="5" type="stmt"/>
        <line num="219" count="5" type="stmt"/>
        <line num="220" count="33" type="cond" truecount="2" falsecount="0"/>
        <line num="221" count="20" type="stmt"/>
        <line num="224" count="13" type="cond" truecount="2" falsecount="0"/>
        <line num="225" count="7" type="cond" truecount="4" falsecount="0"/>
        <line num="226" count="3" type="stmt"/>
        <line num="227" count="4" type="cond" truecount="1" falsecount="1"/>
        <line num="228" count="4" type="stmt"/>
        <line num="229" count="4" type="stmt"/>
        <line num="230" count="1" type="stmt"/>
        <line num="232" count="3" type="stmt"/>
        <line num="235" count="4" type="stmt"/>
        <line num="238" count="6" type="stmt"/>
        <line num="239" count="6" type="stmt"/>
        <line num="240" count="6" type="stmt"/>
        <line num="244" count="5" type="stmt"/>
        <line num="250" count="3" type="stmt"/>
        <line num="254" count="1" type="stmt"/>
        <line num="262" count="4" type="cond" truecount="2" falsecount="0"/>
        <line num="263" count="2" type="cond" truecount="2" falsecount="0"/>
        <line num="265" count="2" type="cond" truecount="2" falsecount="0"/>
        <line num="275" count="5" type="stmt"/>
        <line num="276" count="26" type="stmt"/>
        <line num="277" count="1" type="cond" truecount="1" falsecount="2"/>
        <line num="278" count="1" type="stmt"/>
        <line num="287" count="5" type="stmt"/>
        <line num="307" count="5" type="stmt"/>
        <line num="308" count="25" type="stmt"/>
        <line num="309" count="25" type="stmt"/>
        <line num="317" count="5" type="stmt"/>
        <line num="318" count="1" type="stmt"/>
        <line num="322" count="5" type="stmt"/>
        <line num="323" count="5" type="stmt"/>
        <line num="324" count="5" type="stmt"/>
        <line num="325" count="5" type="stmt"/>
        <line num="328" count="5" type="stmt"/>
        <line num="335" count="5" type="stmt"/>
        <line num="336" count="0" type="stmt"/>
        <line num="337" count="0" type="stmt"/>
        <line num="340" count="5" type="stmt"/>
      </file>
    </package>
    <package name="date-master.lang">
      <metrics statements="14" coveredstatements="7" conditionals="12" coveredconditionals="4" methods="5" coveredmethods="3"/>
      <file name="pl.js" path="/Users/mbiegan/Documents/unitTests/date-master/lang/pl.js">
        <metrics statements="14" coveredstatements="7" conditionals="12" coveredconditionals="4" methods="5" coveredmethods="3"/>
        <line num="1" count="1" type="stmt"/>
        <line num="2" count="1" type="cond" truecount="2" falsecount="2"/>
        <line num="3" count="0" type="stmt"/>
        <line num="4" count="1" type="cond" truecount="1" falsecount="1"/>
        <line num="5" count="1" type="stmt"/>
        <line num="7" count="0" type="stmt"/>
        <line num="10" count="1" type="stmt"/>
        <line num="22" count="1" type="cond" truecount="1" falsecount="1"/>
        <line num="23" count="1" type="stmt"/>
        <line num="30" count="0" type="cond" truecount="0" falsecount="2"/>
        <line num="31" count="0" type="stmt"/>
        <line num="38" count="0" type="cond" truecount="0" falsecount="2"/>
        <line num="39" count="0" type="stmt"/>
        <line num="41" count="0" type="stmt"/>
      </file>
    </package>
  </project>
</coverage>
